<?xml version="1.0" encoding="UTF-8"?>
<testng-results skipped="0" failed="0" total="6" passed="6">
  <reporter-output>
  </reporter-output>
  <suite name="venky-suite" duration-ms="38020" started-at="2020-09-21T13:16:16Z" finished-at="2020-09-21T13:16:54Z">
    <groups>
    </groups>
    <test name="venky-test" duration-ms="38020" started-at="2020-09-21T13:16:16Z" finished-at="2020-09-21T13:16:54Z">
      <class name="myPack.Venky">
        <test-method status="PASS" signature="addCompany()[pri:0, instance:myPack.Venky@2752f6e2]" name="addCompany" duration-ms="10" started-at="2020-09-21T18:46:16Z" finished-at="2020-09-21T18:46:16Z">
          <reporter-output>
          </reporter-output>
        </test-method> <!-- addCompany -->
        <test-method status="PASS" signature="addEmp()[pri:0, instance:myPack.Venky@2752f6e2]" name="addEmp" duration-ms="31126" started-at="2020-09-21T18:46:16Z" finished-at="2020-09-21T18:46:47Z">
          <reporter-output>
          </reporter-output>
        </test-method> <!-- addEmp -->
        <test-method status="PASS" signature="deleteEmp()[pri:0, instance:myPack.Venky@2752f6e2]" name="deleteEmp" duration-ms="0" started-at="2020-09-21T18:46:47Z" finished-at="2020-09-21T18:46:47Z">
          <reporter-output>
          </reporter-output>
        </test-method> <!-- deleteEmp -->
        <test-method status="PASS" signature="editCompany()[pri:0, instance:myPack.Venky@2752f6e2]" name="editCompany" duration-ms="0" started-at="2020-09-21T18:46:47Z" finished-at="2020-09-21T18:46:47Z">
          <reporter-output>
          </reporter-output>
        </test-method> <!-- editCompany -->
        <test-method status="PASS" signature="editEmp()[pri:0, instance:myPack.Venky@2752f6e2]" name="editEmp" duration-ms="0" started-at="2020-09-21T18:46:47Z" finished-at="2020-09-21T18:46:47Z">
          <reporter-output>
          </reporter-output>
        </test-method> <!-- editEmp -->
        <test-method status="PASS" signature="verifyLogin()[pri:0, instance:myPack.Venky@2752f6e2]" name="verifyLogin" duration-ms="6870" started-at="2020-09-21T18:46:47Z" finished-at="2020-09-21T18:46:54Z">
          <reporter-output>
          </reporter-output>
        </test-method> <!-- verifyLogin -->
      </class> <!-- myPack.Venky -->
    </test> <!-- venky-test -->
  </suite> <!-- venky-suite -->
</testng-results>
