<?xml version="1.0" encoding="UTF-8"?>
<!-- Generated by org.testng.reporters.JUnitXMLReporter -->
<testsuite hostname="Mahesh" name="venky-test" tests="6" failures="0" timestamp="21 Sep 2020 13:16:54 GMT" time="38.02" errors="0">
  <testcase name="addCompany" time="0.01" classname="myPack.Venky"/>
  <testcase name="addEmp" time="31.126" classname="myPack.Venky"/>
  <testcase name="deleteEmp" time="0.0" classname="myPack.Venky"/>
  <testcase name="editCompany" time="0.0" classname="myPack.Venky"/>
  <testcase name="editEmp" time="0.0" classname="myPack.Venky"/>
  <testcase name="verifyLogin" time="6.87" classname="myPack.Venky"/>
</testsuite> <!-- venky-test -->
